# JRE version: OpenJDK Runtime Environment (8.0_152-b01) (build 1.8.0_152-release-915-b01)
# Java VM: OpenJDK 64-Bit Server VM (25.152-b01 mixed mode windows-amd64 compressed oops)
Heap:
 PSYoungGen      total 298496K, used 11779K [0x00000000e0000000, 0x00000000f8c80000, 0x0000000100000000)
  eden space 286208K, 0% used [0x00000000e0000000,0x00000000e0000000,0x00000000f1780000)
  from space 12288K, 95% used [0x00000000f4300000,0x00000000f4e80fc0,0x00000000f4f00000)
  to   space 40448K, 0% used [0x00000000f6500000,0x00000000f6500000,0x00000000f8c80000)
 ParOldGen       total 136704K, used 84214K [0x00000000a0000000, 0x00000000a8580000, 0x00000000e0000000)
  object space 136704K, 61% used [0x00000000a0000000,0x00000000a523d9f8,0x00000000a8580000)
 Metaspace       used 92428K, capacity 98136K, committed 98264K, reserved 1134592K
  class space    used 11898K, capacity 13194K, committed 13312K, reserved 1048576K
GC Heap History (10 events):
Event: 265.915 GC heap after
Heap after GC invocations=16 (full 3):
 PSYoungGen      total 288256K, used 12524K [0x00000000e0000000, 0x00000000f6680000, 0x0000000100000000)
  eden space 262144K, 0% used [0x00000000e0000000,0x00000000e0000000,0x00000000f0000000)
  from space 26112K, 47% used [0x00000000f0000000,0x00000000f0c3b308,0x00000000f1980000)
  to   space 25088K, 0% used [0x00000000f4e00000,0x00000000f4e00000,0x00000000f6680000)
 ParOldGen       total 136704K, used 44689K [0x00000000a0000000, 0x00000000a8580000, 0x00000000e0000000)
  object space 136704K, 32% used [0x00000000a0000000,0x00000000a2ba4658,0x00000000a8580000)
 Metaspace       used 72670K, capacity 76022K, committed 76120K, reserved 1116160K
  class space    used 9517K, capacity 10355K, committed 10368K, reserved 1048576K
}
Event: 269.157 GC heap before
{Heap before GC invocations=17 (full 3):
 PSYoungGen      total 288256K, used 274668K [0x00000000e0000000, 0x00000000f6680000, 0x0000000100000000)
  eden space 262144K, 100% used [0x00000000e0000000,0x00000000f0000000,0x00000000f0000000)
  from space 26112K, 47% used [0x00000000f0000000,0x00000000f0c3b308,0x00000000f1980000)
  to   space 25088K, 0% used [0x00000000f4e00000,0x00000000f4e00000,0x00000000f6680000)
 ParOldGen       total 136704K, used 44689K [0x00000000a0000000, 0x00000000a8580000, 0x00000000e0000000)
  object space 136704K, 32% used [0x00000000a0000000,0x00000000a2ba4658,0x00000000a8580000)
 Metaspace       used 83030K, capacity 87314K, committed 87512K, reserved 1124352K
  class space    used 10893K, capacity 11945K, committed 12032K, reserved 1048576K
Event: 269.185 GC heap after
Heap after GC invocations=17 (full 3):
 PSYoungGen      total 334336K, used 25060K [0x00000000e0000000, 0x00000000f7300000, 0x0000000100000000)
  eden space 309248K, 0% used [0x00000000e0000000,0x00000000e0000000,0x00000000f2e00000)
  from space 25088K, 99% used [0x00000000f4e00000,0x00000000f66793a8,0x00000000f6680000)
  to   space 32768K, 0% used [0x00000000f2e00000,0x00000000f2e00000,0x00000000f4e00000)
 ParOldGen       total 136704K, used 57205K [0x00000000a0000000, 0x00000000a8580000, 0x00000000e0000000)
  object space 136704K, 41% used [0x00000000a0000000,0x00000000a37dd480,0x00000000a8580000)
 Metaspace       used 83030K, capacity 87314K, committed 87512K, reserved 1124352K
  class space    used 10893K, capacity 11945K, committed 12032K, reserved 1048576K
}
Event: 282.065 GC heap before
{Heap before GC invocations=18 (full 3):
 PSYoungGen      total 334336K, used 334308K [0x00000000e0000000, 0x00000000f7300000, 0x0000000100000000)
  eden space 309248K, 100% used [0x00000000e0000000,0x00000000f2e00000,0x00000000f2e00000)
  from space 25088K, 99% used [0x00000000f4e00000,0x00000000f66793a8,0x00000000f6680000)
  to   space 32768K, 0% used [0x00000000f2e00000,0x00000000f2e00000,0x00000000f4e00000)
 ParOldGen       total 136704K, used 57205K [0x00000000a0000000, 0x00000000a8580000, 0x00000000e0000000)
  object space 136704K, 41% used [0x00000000a0000000,0x00000000a37dd480,0x00000000a8580000)
 Metaspace       used 88614K, capacity 93452K, committed 93784K, reserved 1130496K
  class space    used 11407K, capacity 12548K, committed 12672K, reserved 1048576K
Event: 282.107 GC heap after
Heap after GC invocations=18 (full 3):
 PSYoungGen      total 342016K, used 32747K [0x00000000e0000000, 0x00000000fb580000, 0x0000000100000000)
  eden space 309248K, 0% used [0x00000000e0000000,0x00000000e0000000,0x00000000f2e00000)
  from space 32768K, 99% used [0x00000000f2e00000,0x00000000f4dfadc8,0x00000000f4e00000)
  to   space 42496K, 0% used [0x00000000f8c00000,0x00000000f8c00000,0x00000000fb580000)
 ParOldGen       total 136704K, used 69656K [0x00000000a0000000, 0x00000000a8580000, 0x00000000e0000000)
  object space 136704K, 50% used [0x00000000a0000000,0x00000000a4406380,0x00000000a8580000)
 Metaspace       used 88614K, capacity 93452K, committed 93784K, reserved 1130496K
  class space    used 11407K, capacity 12548K, committed 12672K, reserved 1048576K
}
Event: 6160.061 GC heap before
{Heap before GC invocations=19 (full 3):
 PSYoungGen      total 342016K, used 341995K [0x00000000e0000000, 0x00000000fb580000, 0x0000000100000000)
  eden space 309248K, 100% used [0x00000000e0000000,0x00000000f2e00000,0x00000000f2e00000)
  from space 32768K, 99% used [0x00000000f2e00000,0x00000000f4dfadc8,0x00000000f4e00000)
  to   space 42496K, 0% used [0x00000000f8c00000,0x00000000f8c00000,0x00000000fb580000)
 ParOldGen       total 136704K, used 69656K [0x00000000a0000000, 0x00000000a8580000, 0x00000000e0000000)
  object space 136704K, 50% used [0x00000000a0000000,0x00000000a4406380,0x00000000a8580000)
 Metaspace       used 90552K, capacity 95882K, committed 96088K, reserved 1132544K
  class space    used 11644K, capacity 12895K, committed 12928K, reserved 1048576K
Event: 6160.114 GC heap after
Heap after GC invocations=19 (full 3):
 PSYoungGen      total 305664K, used 7800K [0x00000000e0000000, 0x00000000f9400000, 0x0000000100000000)
  eden space 297472K, 0% used [0x00000000e0000000,0x00000000e0000000,0x00000000f2280000)
  from space 8192K, 95% used [0x00000000f8c00000,0x00000000f939e0b0,0x00000000f9400000)
  to   space 41472K, 0% used [0x00000000f4300000,0x00000000f4300000,0x00000000f6b80000)
 ParOldGen       total 136704K, used 84206K [0x00000000a0000000, 0x00000000a8580000, 0x00000000e0000000)
  object space 136704K, 61% used [0x00000000a0000000,0x00000000a523b9f8,0x00000000a8580000)
 Metaspace       used 90552K, capacity 95882K, committed 96088K, reserved 1132544K
  class space    used 11644K, capacity 12895K, committed 12928K, reserved 1048576K
}
Event: 8224.234 GC heap before
{Heap before GC invocations=20 (full 3):
 PSYoungGen      total 305664K, used 217728K [0x00000000e0000000, 0x00000000f9400000, 0x0000000100000000)
  eden space 297472K, 70% used [0x00000000e0000000,0x00000000ecd02200,0x00000000f2280000)
  from space 8192K, 95% used [0x00000000f8c00000,0x00000000f939e0b0,0x00000000f9400000)
  to   space 41472K, 0% used [0x00000000f4300000,0x00000000f4300000,0x00000000f6b80000)
 ParOldGen       total 136704K, used 84206K [0x00000000a0000000, 0x00000000a8580000, 0x00000000e0000000)
  object space 136704K, 61% used [0x00000000a0000000,0x00000000a523b9f8,0x00000000a8580000)
 Metaspace       used 92428K, capacity 98136K, committed 98264K, reserved 1134592K
  class space    used 11898K, capacity 13194K, committed 13312K, reserved 1048576K
Event: 8224.385 GC heap after
Heap after GC invocations=20 (full 3):
 PSYoungGen      total 298496K, used 11779K [0x00000000e0000000, 0x00000000f8c80000, 0x0000000100000000)
  eden space 286208K, 0% used [0x00000000e0000000,0x00000000e0000000,0x00000000f1780000)
  from space 12288K, 95% used [0x00000000f4300000,0x00000000f4e80fc0,0x00000000f4f00000)
  to   space 40448K, 0% used [0x00000000f6500000,0x00000000f6500000,0x00000000f8c80000)
 ParOldGen       total 136704K, used 84214K [0x00000000a0000000, 0x00000000a8580000, 0x00000000e0000000)
  object space 136704K, 61% used [0x00000000a0000000,0x00000000a523d9f8,0x00000000a8580000)
 Metaspace       used 92428K, capacity 98136K, committed 98264K, reserved 1134592K
  class space    used 11898K, capacity 13194K, committed 13312K, reserved 1048576K
}
Event: 8224.385 GC heap before
{Heap before GC invocations=21 (full 4):
 PSYoungGen      total 298496K, used 11779K [0x00000000e0000000, 0x00000000f8c80000, 0x0000000100000000)
  eden space 286208K, 0% used [0x00000000e0000000,0x00000000e0000000,0x00000000f1780000)
  from space 12288K, 95% used [0x00000000f4300000,0x00000000f4e80fc0,0x00000000f4f00000)
  to   space 40448K, 0% used [0x00000000f6500000,0x00000000f6500000,0x00000000f8c80000)
 ParOldGen       total 136704K, used 84214K [0x00000000a0000000, 0x00000000a8580000, 0x00000000e0000000)
  object space 136704K, 61% used [0x00000000a0000000,0x00000000a523d9f8,0x00000000a8580000)
 Metaspace       used 92428K, capacity 98136K, committed 98264K, reserved 1134592K
  class space    used 11898K, capacity 13194K, committed 13312K, reserved 1048576K

